<?xml version="1.0" encoding="UTF-8"?>
<!-- Generated by org.testng.reporters.JUnitXMLReporter -->
<testsuite ignored="0" hostname="Apples-Air" failures="0" tests="16" name="Test - Cloud platform - on firefox" time="0.045" errors="0" timestamp="2020-04-04T20:13:04 IST">
  <testcase classname="com.empirix.cloudplatform.core.Core" name="@BeforeSuite initDriver" time="-1.586011384236E9">
    <failure type="org.testng.TestNGException" message="
Parameter &amp;apos;Browser&amp;apos; is required by BeforeSuite on method initDriver but has not been marked @Optional or defined
in /Users/apple/eclipse-workspace/cloudplatform/testng.xml">
      <![CDATA[org.testng.TestNGException: 
Parameter 'Browser' is required by BeforeSuite on method initDriver but has not been marked @Optional or defined
in /Users/apple/eclipse-workspace/cloudplatform/testng.xml
... Removed 20 stack frames]]>
    </failure>
  </testcase> <!-- @BeforeSuite initDriver -->
  <testcase classname="com.empirix.cloudplatform.testcases.TC_Login" name="@BeforeClass testCaseDetails" time="-1.586011384273E9">
    <skipped/>
  </testcase> <!-- @BeforeClass testCaseDetails -->
  <testcase classname="com.empirix.cloudplatform.testcases.TC_SwitchLanguage" name="@BeforeClass testCaseDetails" time="-1.586011384296E9">
    <skipped/>
  </testcase> <!-- @BeforeClass testCaseDetails -->
  <testcase classname="com.empirix.cloudplatform.core.Core" name="@AfterTest endSuite" time="-1.586011384303E9">
    <skipped/>
  </testcase> <!-- @AfterTest endSuite -->
  <testcase classname="com.empirix.cloudplatform.testcases.TC_Login" name="loginToPortal" time="0.0">
    <skipped/>
  </testcase> <!-- loginToPortal -->
  <testcase classname="com.empirix.cloudplatform.testcases.TC_Login" name="loginToPortal" time="0.0">
    <skipped/>
  </testcase> <!-- loginToPortal -->
  <testcase classname="com.empirix.cloudplatform.testcases.TC_SwitchLanguage" name="switchToJapanease" time="0.0">
    <skipped/>
  </testcase> <!-- switchToJapanease -->
  <testcase classname="com.empirix.cloudplatform.testcases.TC_SwitchLanguage" name="switchToJapanease" time="0.0">
    <skipped/>
  </testcase> <!-- switchToJapanease -->
  <testcase classname="com.empirix.cloudplatform.testcases.TC_Login" name="verifyClientDetails" time="0.0">
    <skipped/>
  </testcase> <!-- verifyClientDetails -->
  <testcase classname="com.empirix.cloudplatform.testcases.TC_Login" name="verifyClientDetails" time="0.0">
    <skipped/>
  </testcase> <!-- verifyClientDetails -->
  <testcase classname="com.empirix.cloudplatform.testcases.TC_SwitchLanguage" name="verifyDashboard" time="0.0">
    <skipped/>
  </testcase> <!-- verifyDashboard -->
  <testcase classname="com.empirix.cloudplatform.testcases.TC_SwitchLanguage" name="verifyDashboard" time="0.0">
    <skipped/>
  </testcase> <!-- verifyDashboard -->
  <testcase classname="com.empirix.cloudplatform.testcases.TC_SwitchLanguage" name="verifyAlerts" time="0.0">
    <skipped/>
  </testcase> <!-- verifyAlerts -->
  <testcase classname="com.empirix.cloudplatform.testcases.TC_SwitchLanguage" name="verifyAlerts" time="0.0">
    <skipped/>
  </testcase> <!-- verifyAlerts -->
  <testcase classname="com.empirix.cloudplatform.testcases.TC_SwitchLanguage" name="verifyTests" time="0.0">
    <skipped/>
  </testcase> <!-- verifyTests -->
  <testcase classname="com.empirix.cloudplatform.testcases.TC_SwitchLanguage" name="verifyTests" time="0.0">
    <skipped/>
  </testcase> <!-- verifyTests -->
  <testcase classname="com.empirix.cloudplatform.testcases.TC_SwitchLanguage" name="verifyVariables" time="0.0">
    <skipped/>
  </testcase> <!-- verifyVariables -->
  <testcase classname="com.empirix.cloudplatform.testcases.TC_SwitchLanguage" name="verifyVariables" time="0.0">
    <skipped/>
  </testcase> <!-- verifyVariables -->
  <testcase classname="com.empirix.cloudplatform.testcases.TC_SwitchLanguage" name="verifyNotifications" time="0.0">
    <skipped/>
  </testcase> <!-- verifyNotifications -->
  <testcase classname="com.empirix.cloudplatform.testcases.TC_SwitchLanguage" name="verifyNotifications" time="0.0">
    <skipped/>
  </testcase> <!-- verifyNotifications -->
</testsuite> <!-- Test - Cloud platform - on firefox -->
