<?xml version="1.0" encoding="UTF-8"?>
<testsuite xmlns:xsi="http://www.w3.org/2001/XMLSchema-instance" xsi:noNamespaceSchemaLocation="https://maven.apache.org/surefire/maven-surefire-plugin/xsd/surefire-test-report-3.0.xsd" version="3.0" name="TestSuite" time="0.852" tests="23" errors="0" skipped="22" failures="1">
  <properties>
[...]
</properties>
  <testcase name="initDriver" classname="com.empirix.cloudplatform.testcases.TC_Login" time="0.487">
    <failure message="&#10;Parameter &apos;Browser&apos; is required by BeforeSuite on method initDriver but has not been marked @Optional or defined&#10;in /Users/apple/eclipse-workspace/cloudplatform/testng.xml" type="org.testng.TestNGException"><![CDATA[org.testng.TestNGException: 

Parameter 'Browser' is required by BeforeSuite on method initDriver but has not been marked @Optional or defined
in /Users/apple/eclipse-workspace/cloudplatform/testng.xml
]]></failure>
  </testcase>
  <testcase name="testCaseDetails" classname="com.empirix.cloudplatform.testcases.TC_Login" time="0">
    <skipped/>
  </testcase>
  <testcase name="testCaseDetails" classname="com.empirix.cloudplatform.testcases.TC_Login" time="0">
    <skipped/>
  </testcase>
  <testcase name="loginToPortal" classname="com.empirix.cloudplatform.testcases.TC_Login" time="0">
    <skipped/>
  </testcase>
  <testcase name="loginToPortal" classname="com.empirix.cloudplatform.testcases.TC_Login" time="0">
    <skipped message="&#10;Parameter &apos;Browser&apos; is required by BeforeSuite on method initDriver but has not been marked @Optional or defined&#10;in /Users/apple/eclipse-workspace/cloudplatform/testng.xml"/>
  </testcase>
  <testcase name="verifyClientDetails" classname="com.empirix.cloudplatform.testcases.TC_Login" time="0">
    <skipped/>
  </testcase>
  <testcase name="verifyClientDetails" classname="com.empirix.cloudplatform.testcases.TC_Login" time="0">
    <skipped message="&#10;Parameter &apos;Browser&apos; is required by BeforeSuite on method initDriver but has not been marked @Optional or defined&#10;in /Users/apple/eclipse-workspace/cloudplatform/testng.xml"/>
  </testcase>
  <testcase name="endSuite" classname="com.empirix.cloudplatform.testcases.TC_Login" time="0">
    <skipped/>
  </testcase>
  <testcase name="endSuite" classname="com.empirix.cloudplatform.testcases.TC_Login" time="0">
    <skipped/>
  </testcase>
  <testcase name="testCaseDetails" classname="com.empirix.cloudplatform.testcases.TC_SwitchLanguage" time="0">
    <skipped/>
  </testcase>
  <testcase name="testCaseDetails" classname="com.empirix.cloudplatform.testcases.TC_SwitchLanguage" time="0">
    <skipped/>
  </testcase>
  <testcase name="switchToJapanease" classname="com.empirix.cloudplatform.testcases.TC_SwitchLanguage" time="0">
    <skipped/>
  </testcase>
  <testcase name="switchToJapanease" classname="com.empirix.cloudplatform.testcases.TC_SwitchLanguage" time="0">
    <skipped message="&#10;Parameter &apos;Browser&apos; is required by BeforeSuite on method initDriver but has not been marked @Optional or defined&#10;in /Users/apple/eclipse-workspace/cloudplatform/testng.xml"/>
  </testcase>
  <testcase name="verifyDashboard" classname="com.empirix.cloudplatform.testcases.TC_SwitchLanguage" time="0">
    <skipped/>
  </testcase>
  <testcase name="verifyDashboard" classname="com.empirix.cloudplatform.testcases.TC_SwitchLanguage" time="0">
    <skipped message="&#10;Parameter &apos;Browser&apos; is required by BeforeSuite on method initDriver but has not been marked @Optional or defined&#10;in /Users/apple/eclipse-workspace/cloudplatform/testng.xml"/>
  </testcase>
  <testcase name="verifyAlerts" classname="com.empirix.cloudplatform.testcases.TC_SwitchLanguage" time="0">
    <skipped/>
  </testcase>
  <testcase name="verifyAlerts" classname="com.empirix.cloudplatform.testcases.TC_SwitchLanguage" time="0">
    <skipped message="&#10;Parameter &apos;Browser&apos; is required by BeforeSuite on method initDriver but has not been marked @Optional or defined&#10;in /Users/apple/eclipse-workspace/cloudplatform/testng.xml"/>
  </testcase>
  <testcase name="verifyTests" classname="com.empirix.cloudplatform.testcases.TC_SwitchLanguage" time="0">
    <skipped/>
  </testcase>
  <testcase name="verifyTests" classname="com.empirix.cloudplatform.testcases.TC_SwitchLanguage" time="0">
    <skipped message="&#10;Parameter &apos;Browser&apos; is required by BeforeSuite on method initDriver but has not been marked @Optional or defined&#10;in /Users/apple/eclipse-workspace/cloudplatform/testng.xml"/>
  </testcase>
  <testcase name="verifyVariables" classname="com.empirix.cloudplatform.testcases.TC_SwitchLanguage" time="0">
    <skipped/>
  </testcase>
  <testcase name="verifyVariables" classname="com.empirix.cloudplatform.testcases.TC_SwitchLanguage" time="0">
    <skipped message="&#10;Parameter &apos;Browser&apos; is required by BeforeSuite on method initDriver but has not been marked @Optional or defined&#10;in /Users/apple/eclipse-workspace/cloudplatform/testng.xml"/>
  </testcase>
  <testcase name="verifyNotifications" classname="com.empirix.cloudplatform.testcases.TC_SwitchLanguage" time="0">
    <skipped/>
  </testcase>
  <testcase name="verifyNotifications" classname="com.empirix.cloudplatform.testcases.TC_SwitchLanguage" time="0">
    <skipped message="&#10;Parameter &apos;Browser&apos; is required by BeforeSuite on method initDriver but has not been marked @Optional or defined&#10;in /Users/apple/eclipse-workspace/cloudplatform/testng.xml"/>
  </testcase>
</testsuite>