<?xml version="1.0" encoding="UTF-8"?>
<!-- Generated by org.testng.reporters.JUnitXMLReporter -->
<testsuite ignored="0" hostname="Apples-Air" failures="0" tests="6" name="Test - Switch to japanease language and verify tabs" time="31.074" errors="0" timestamp="2020-04-03T20:09:15 IST">
  <testcase classname="com.empirix.cloudplatform.testcases.TC_SwitchJapaneaseLang" name="switchToJapanease" time="30.395"/>
  <testcase classname="com.empirix.cloudplatform.testcases.TC_SwitchJapaneaseLang" name="verifyDashboard" time="0.031"/>
  <testcase classname="com.empirix.cloudplatform.testcases.TC_SwitchJapaneaseLang" name="verifyAlerts" time="0.231"/>
  <testcase classname="com.empirix.cloudplatform.testcases.TC_SwitchJapaneaseLang" name="verifyTests" time="0.133"/>
  <testcase classname="com.empirix.cloudplatform.testcases.TC_SwitchJapaneaseLang" name="verifyVariables" time="0.118"/>
  <testcase classname="com.empirix.cloudplatform.testcases.TC_SwitchJapaneaseLang" name="verifyNotifications" time="0.1"/>
</testsuite> <!-- Test - Switch to japanease language and verify tabs -->
