<?xml version="1.0" encoding="UTF-8"?>
<!-- Generated by org.testng.reporters.JUnitXMLReporter -->
<testsuite ignored="0" hostname="Apples-Air" failures="12" tests="16" name="Test - Cloud platform - on chrome" time="0.162" errors="0" timestamp="2020-04-04T20:10:55 IST">
  <testcase classname="com.empirix.cloudplatform.testcases.TC_Login" name="@BeforeClass testCaseDetails" time="-1.586011255709E9">
    <failure type="org.testng.TestNGException" message="
Can inject only one of &amp;lt;ITestContext, XmlTest&amp;gt; into a @BeforeClass annotated testCaseDetails.
For more information on native dependency injection please refer to http://testng.org/doc/documentation-main.html#native-dependency-injection">
      <![CDATA[org.testng.TestNGException: 
Can inject only one of <ITestContext, XmlTest> into a @BeforeClass annotated testCaseDetails.
For more information on native dependency injection please refer to http://testng.org/doc/documentation-main.html#native-dependency-injection
at java.base/java.util.ArrayList.forEach(ArrayList.java:1540)
at java.base/java.util.concurrent.FutureTask.run(FutureTask.java:264)
at java.base/java.util.concurrent.ThreadPoolExecutor.runWorker(ThreadPoolExecutor.java:1128)
at java.base/java.util.concurrent.ThreadPoolExecutor$Worker.run(ThreadPoolExecutor.java:628)
at java.base/java.lang.Thread.run(Thread.java:834)
... Removed 13 stack frames]]>
    </failure>
  </testcase> <!-- @BeforeClass testCaseDetails -->
  <testcase classname="com.empirix.cloudplatform.testcases.TC_Login" name="loginToPortal" time="0.0">
    <skipped/>
  </testcase> <!-- loginToPortal -->
  <testcase classname="com.empirix.cloudplatform.testcases.TC_Login" name="loginToPortal" time="0.0">
    <skipped/>
  </testcase> <!-- loginToPortal -->
  <testcase classname="com.empirix.cloudplatform.testcases.TC_SwitchLanguage" name="switchToJapanease" time="0.009">
    <failure type="java.lang.NullPointerException">
      <![CDATA[java.lang.NullPointerException
at com.empirix.cloudplatform.testcases.TC_SwitchLanguage.switchToJapanease(TC_SwitchLanguage.java:18)
at java.base/java.util.ArrayList.forEach(ArrayList.java:1540)
at java.base/java.util.concurrent.FutureTask.run(FutureTask.java:264)
at java.base/java.util.concurrent.ThreadPoolExecutor.runWorker(ThreadPoolExecutor.java:1128)
at java.base/java.util.concurrent.ThreadPoolExecutor$Worker.run(ThreadPoolExecutor.java:628)
at java.base/java.lang.Thread.run(Thread.java:834)
... Removed 18 stack frames]]>
    </failure>
  </testcase> <!-- switchToJapanease -->
  <testcase classname="com.empirix.cloudplatform.testcases.TC_SwitchLanguage" name="switchToJapanease" time="0.01">
    <failure type="java.lang.NullPointerException">
      <![CDATA[java.lang.NullPointerException
at com.empirix.cloudplatform.testcases.TC_SwitchLanguage.switchToJapanease(TC_SwitchLanguage.java:18)
at java.base/java.util.ArrayList.forEach(ArrayList.java:1540)
at java.base/java.util.concurrent.FutureTask.run(FutureTask.java:264)
at java.base/java.util.concurrent.ThreadPoolExecutor.runWorker(ThreadPoolExecutor.java:1128)
at java.base/java.util.concurrent.ThreadPoolExecutor$Worker.run(ThreadPoolExecutor.java:628)
at java.base/java.lang.Thread.run(Thread.java:834)
... Removed 18 stack frames]]>
    </failure>
  </testcase> <!-- switchToJapanease -->
  <testcase classname="com.empirix.cloudplatform.testcases.TC_Login" name="verifyClientDetails" time="0.0">
    <skipped/>
  </testcase> <!-- verifyClientDetails -->
  <testcase classname="com.empirix.cloudplatform.testcases.TC_SwitchLanguage" name="verifyDashboard" time="0.001">
    <failure type="java.lang.NullPointerException">
      <![CDATA[java.lang.NullPointerException
at com.empirix.cloudplatform.testcases.TC_SwitchLanguage.verifyDashboard(TC_SwitchLanguage.java:33)
at java.base/java.util.ArrayList.forEach(ArrayList.java:1540)
at java.base/java.util.concurrent.FutureTask.run(FutureTask.java:264)
at java.base/java.util.concurrent.ThreadPoolExecutor.runWorker(ThreadPoolExecutor.java:1128)
at java.base/java.util.concurrent.ThreadPoolExecutor$Worker.run(ThreadPoolExecutor.java:628)
at java.base/java.lang.Thread.run(Thread.java:834)
... Removed 18 stack frames]]>
    </failure>
  </testcase> <!-- verifyDashboard -->
  <testcase classname="com.empirix.cloudplatform.testcases.TC_Login" name="verifyClientDetails" time="0.0">
    <skipped/>
  </testcase> <!-- verifyClientDetails -->
  <testcase classname="com.empirix.cloudplatform.testcases.TC_SwitchLanguage" name="verifyAlerts" time="0.002">
    <failure type="java.lang.NullPointerException">
      <![CDATA[java.lang.NullPointerException
at com.empirix.cloudplatform.testcases.TC_SwitchLanguage.verifyAlerts(TC_SwitchLanguage.java:38)
at java.base/java.util.ArrayList.forEach(ArrayList.java:1540)
at java.base/java.util.concurrent.FutureTask.run(FutureTask.java:264)
at java.base/java.util.concurrent.ThreadPoolExecutor.runWorker(ThreadPoolExecutor.java:1128)
at java.base/java.util.concurrent.ThreadPoolExecutor$Worker.run(ThreadPoolExecutor.java:628)
at java.base/java.lang.Thread.run(Thread.java:834)
... Removed 18 stack frames]]>
    </failure>
  </testcase> <!-- verifyAlerts -->
  <testcase classname="com.empirix.cloudplatform.testcases.TC_SwitchLanguage" name="verifyTests" time="0.001">
    <failure type="java.lang.NullPointerException">
      <![CDATA[java.lang.NullPointerException
at com.empirix.cloudplatform.testcases.TC_SwitchLanguage.verifyTests(TC_SwitchLanguage.java:43)
at java.base/java.util.ArrayList.forEach(ArrayList.java:1540)
at java.base/java.util.concurrent.FutureTask.run(FutureTask.java:264)
at java.base/java.util.concurrent.ThreadPoolExecutor.runWorker(ThreadPoolExecutor.java:1128)
at java.base/java.util.concurrent.ThreadPoolExecutor$Worker.run(ThreadPoolExecutor.java:628)
at java.base/java.lang.Thread.run(Thread.java:834)
... Removed 18 stack frames]]>
    </failure>
  </testcase> <!-- verifyTests -->
  <testcase classname="com.empirix.cloudplatform.testcases.TC_SwitchLanguage" name="verifyVariables" time="0.003">
    <failure type="java.lang.NullPointerException">
      <![CDATA[java.lang.NullPointerException
at com.empirix.cloudplatform.testcases.TC_SwitchLanguage.verifyVariables(TC_SwitchLanguage.java:48)
at java.base/java.util.ArrayList.forEach(ArrayList.java:1540)
at java.base/java.util.concurrent.FutureTask.run(FutureTask.java:264)
at java.base/java.util.concurrent.ThreadPoolExecutor.runWorker(ThreadPoolExecutor.java:1128)
at java.base/java.util.concurrent.ThreadPoolExecutor$Worker.run(ThreadPoolExecutor.java:628)
at java.base/java.lang.Thread.run(Thread.java:834)
... Removed 18 stack frames]]>
    </failure>
  </testcase> <!-- verifyVariables -->
  <testcase classname="com.empirix.cloudplatform.testcases.TC_SwitchLanguage" name="verifyDashboard" time="0.006">
    <failure type="java.lang.NullPointerException">
      <![CDATA[java.lang.NullPointerException
at com.empirix.cloudplatform.testcases.TC_SwitchLanguage.verifyDashboard(TC_SwitchLanguage.java:33)
at java.base/java.util.ArrayList.forEach(ArrayList.java:1540)
at java.base/java.util.concurrent.FutureTask.run(FutureTask.java:264)
at java.base/java.util.concurrent.ThreadPoolExecutor.runWorker(ThreadPoolExecutor.java:1128)
at java.base/java.util.concurrent.ThreadPoolExecutor$Worker.run(ThreadPoolExecutor.java:628)
at java.base/java.lang.Thread.run(Thread.java:834)
... Removed 18 stack frames]]>
    </failure>
  </testcase> <!-- verifyDashboard -->
  <testcase classname="com.empirix.cloudplatform.testcases.TC_SwitchLanguage" name="verifyNotifications" time="0.003">
    <failure type="java.lang.NullPointerException">
      <![CDATA[java.lang.NullPointerException
at com.empirix.cloudplatform.testcases.TC_SwitchLanguage.verifyNotifications(TC_SwitchLanguage.java:53)
at java.base/java.util.ArrayList.forEach(ArrayList.java:1540)
at java.base/java.util.concurrent.FutureTask.run(FutureTask.java:264)
at java.base/java.util.concurrent.ThreadPoolExecutor.runWorker(ThreadPoolExecutor.java:1128)
at java.base/java.util.concurrent.ThreadPoolExecutor$Worker.run(ThreadPoolExecutor.java:628)
at java.base/java.lang.Thread.run(Thread.java:834)
... Removed 18 stack frames]]>
    </failure>
  </testcase> <!-- verifyNotifications -->
  <testcase classname="com.empirix.cloudplatform.testcases.TC_SwitchLanguage" name="verifyAlerts" time="0.006">
    <failure type="java.lang.NullPointerException">
      <![CDATA[java.lang.NullPointerException
at com.empirix.cloudplatform.testcases.TC_SwitchLanguage.verifyAlerts(TC_SwitchLanguage.java:38)
at java.base/java.util.ArrayList.forEach(ArrayList.java:1540)
at java.base/java.util.concurrent.FutureTask.run(FutureTask.java:264)
at java.base/java.util.concurrent.ThreadPoolExecutor.runWorker(ThreadPoolExecutor.java:1128)
at java.base/java.util.concurrent.ThreadPoolExecutor$Worker.run(ThreadPoolExecutor.java:628)
at java.base/java.lang.Thread.run(Thread.java:834)
... Removed 18 stack frames]]>
    </failure>
  </testcase> <!-- verifyAlerts -->
  <testcase classname="com.empirix.cloudplatform.testcases.TC_SwitchLanguage" name="verifyTests" time="0.003">
    <failure type="java.lang.NullPointerException">
      <![CDATA[java.lang.NullPointerException
at com.empirix.cloudplatform.testcases.TC_SwitchLanguage.verifyTests(TC_SwitchLanguage.java:43)
at java.base/java.util.ArrayList.forEach(ArrayList.java:1540)
at java.base/java.util.concurrent.FutureTask.run(FutureTask.java:264)
at java.base/java.util.concurrent.ThreadPoolExecutor.runWorker(ThreadPoolExecutor.java:1128)
at java.base/java.util.concurrent.ThreadPoolExecutor$Worker.run(ThreadPoolExecutor.java:628)
at java.base/java.lang.Thread.run(Thread.java:834)
... Removed 18 stack frames]]>
    </failure>
  </testcase> <!-- verifyTests -->
  <testcase classname="com.empirix.cloudplatform.testcases.TC_SwitchLanguage" name="verifyVariables" time="0.003">
    <failure type="java.lang.NullPointerException">
      <![CDATA[java.lang.NullPointerException
at com.empirix.cloudplatform.testcases.TC_SwitchLanguage.verifyVariables(TC_SwitchLanguage.java:48)
at java.base/java.util.ArrayList.forEach(ArrayList.java:1540)
at java.base/java.util.concurrent.FutureTask.run(FutureTask.java:264)
at java.base/java.util.concurrent.ThreadPoolExecutor.runWorker(ThreadPoolExecutor.java:1128)
at java.base/java.util.concurrent.ThreadPoolExecutor$Worker.run(ThreadPoolExecutor.java:628)
at java.base/java.lang.Thread.run(Thread.java:834)
... Removed 18 stack frames]]>
    </failure>
  </testcase> <!-- verifyVariables -->
  <testcase classname="com.empirix.cloudplatform.testcases.TC_SwitchLanguage" name="verifyNotifications" time="0.002">
    <failure type="java.lang.NullPointerException">
      <![CDATA[java.lang.NullPointerException
at com.empirix.cloudplatform.testcases.TC_SwitchLanguage.verifyNotifications(TC_SwitchLanguage.java:53)
at java.base/java.util.ArrayList.forEach(ArrayList.java:1540)
at java.base/java.util.concurrent.FutureTask.run(FutureTask.java:264)
at java.base/java.util.concurrent.ThreadPoolExecutor.runWorker(ThreadPoolExecutor.java:1128)
at java.base/java.util.concurrent.ThreadPoolExecutor$Worker.run(ThreadPoolExecutor.java:628)
at java.base/java.lang.Thread.run(Thread.java:834)
... Removed 18 stack frames]]>
    </failure>
  </testcase> <!-- verifyNotifications -->
</testsuite> <!-- Test - Cloud platform - on chrome -->
